<?xml version="1.0" encoding="UTF-8"?>
<testsuite name="MoodAnalyserTest" tests="1" skipped="0" failures="0" errors="0" timestamp="2021-08-11T03:16:40" hostname="KAVIYA-LAPTOP" time="0.075">
  <properties/>
  <testcase name="givenMessage_IAmInSadMoodMessage_ShouldReturnSad()" classname="MoodAnalyserTest" time="0.075"/>
  <system-out><![CDATA[]]></system-out>
  <system-err><![CDATA[]]></system-err>
</testsuite>
