<?xml version="1.0" encoding="UTF-8"?>
<testsuite name="MoodAnalyserTest" tests="2" skipped="0" failures="0" errors="0" timestamp="2021-08-11T05:11:30" hostname="KAVIYA-LAPTOP" time="0.037">
  <properties/>
  <testcase name="givenMessage_IAmInAnyMoodMessage_ShouldReturnHappy()" classname="MoodAnalyserTest" time="0.035"/>
  <testcase name="givenMessage_IAmInSadMoodMessage_ShouldReturnSad()" classname="MoodAnalyserTest" time="0.001"/>
  <system-out><![CDATA[]]></system-out>
  <system-err><![CDATA[]]></system-err>
</testsuite>
